{"timestamp":"2026-09-01T15:45:35.316+0000","rule":{"level":3,"description":"Suspicious Windows cmd shell execution","id":"92032","mitre":{"id":["T1087","T1059.003"],"tactic":["Discovery","Execution"],"technique":["Account Discovery","Windows Command Shell"]},"firedtimes":1,"mail":false,"groups":["sysmon","sysmon_eid1_detections","windows"]},"agent":{"id":"001","name":"DESKTOP-47DG1M4","ip":"10.0.2.4"},"manager":{"name":"ubuntuhomeserver"},"id":"1788277535.3175618","full_log":"{\"win\":{\"system\":{\"providerName\":\"Microsoft-Windows-Sysmon\",\"providerGuid\":\"{5770385f-c22a-43e0-bf4c-06f5698ffbd9}\",\"eventID\":\"1\",\"version\":\"5\",\"level\":\"4\",\"task\":\"1\",\"opcode\":\"0\",\"keywords\":\"0x8000000000000000\",\"systemTime\":\"2026-09-01T15:45:30.9607240Z\",\"eventRecordID\":\"2384\",\"processID\":\"3484\",\"threadID\":\"4124\",\"channel\":\"Microsoft-Windows-Sysmon/Operational\",\"computer\":\"DESKTOP-47DG1M4\",\"severityValue\":\"INFORMATION\",\"message\":\"\\\"Process Create:\\r\\nRuleName: -\\r\\nUtcTime: 2026-09-01 15:45:30.475\\r\\nProcessGuid: {ff35d33d-f31a-6a96-3c02-000000000c00}\\r\\nProcessId: 6424\\r\\nImage: C:\\\\Windows\\\\System32\\\\WindowsPowerShell\\\\v1.0\\\\powershell.exe\\r\\nFileVersion: 10.0.26100.8875 (WinBuild.160101.0800)\\r\\nDescription: Windows PowerShell\\r\\nProduct: Microsoft® Windows® Operating System\\r\\nCompany: Microsoft Corporation\\r\\nOriginalFileName: PowerShell.EXE\\r\\nCommandLine: powershell.exe  -e  JgAgACgAZwBjAG0AIAAoACcAaQBlAHsAMAB9ACcAIAAtAGYAIAAnAHgAJwApACkAIAAoACIAVwByACIAKwAiAGkAdAAiACsAIgBlAC0ASAAiACsAIgBvAHMAdAAgACcASAAiACsAIgBlAGwAIgArACIAbABvACwAIABmAHIAIgArACIAbwBtACAAUAAiACsAIgBvAHcAIgArACIAZQByAFMAIgArACIAaAAiACsAIgBlAGwAbAAhACcAIgApAA==\\r\\nCurrentDirectory: C:\\\\Users\\\\mayank\\\\AppData\\\\Local\\\\Temp\\\\\\r\\nUser: DESKTOP-47DG1M4\\\\mayank\\r\\nLogonGuid: {ff35d33d-d021-6a96-d918-090000000000}\\r\\nLogonId: 0x918D9\\r\\nTerminalSessionId: 1\\r\\nIntegrityLevel: High\\r\\nHashes: MD5=E65ECCA3754249C00F50A035202F7591,SHA256=7600FFE12DA441FE89D035B13801E8E91D064BC544A27B19A5CF49F6AB8B18F5,IMPHASH=AFACF6DC9041114B198160AAB4D0AE77\\r\\nParentProcessGuid: {ff35d33d-f319-6a96-3a02-000000000c00}\\r\\nParentProcessId: 6080\\r\\nParentImage: C:\\\\Windows\\\\System32\\\\cmd.exe\\r\\nParentCommandLine: \\\"cmd.exe\\\" /c powershell.exe -e  JgAgACgAZwBjAG0AIAAoACcAaQBlAHsAMAB9ACcAIAAtAGYAIAAnAHgAJwApACkAIAAoACIAVwByACIAKwAiAGkAdAAiACsAIgBlAC0ASAAiACsAIgBvAHMAdAAgACcASAAiACsAIgBlAGwAIgArACIAbABvACwAIABmAHIAIgArACIAbwBtACAAUAAiACsAIgBvAHcAIgArACIAZQByAFMAIgArACIAaAAiACsAIgBlAGwAbAAhACcAIgApAA==\\r\\nParentUser: DESKTOP-47DG1M4\\\\mayank\\\"\"},\"eventdata\":{\"utcTime\":\"2026-09-01 15:45:30.475\",\"processGuid\":\"{ff35d33d-f31a-6a96-3c02-000000000c00}\",\"processId\":\"6424\",\"image\":\"C:\\\\\\\\Windows\\\\\\\\System32\\\\\\\\WindowsPowerShell\\\\\\\\v1.0\\\\\\\\powershell.exe\",\"fileVersion\":\"10.0.26100.8875 (WinBuild.160101.0800)\",\"description\":\"Windows PowerShell\",\"product\":\"Microsoft® Windows® Operating System\",\"company\":\"Microsoft Corporation\",\"originalFileName\":\"PowerShell.EXE\",\"commandLine\":\"powershell.exe  -e  JgAgACgAZwBjAG0AIAAoACcAaQBlAHsAMAB9ACcAIAAtAGYAIAAnAHgAJwApACkAIAAoACIAVwByACIAKwAiAGkAdAAiACsAIgBlAC0ASAAiACsAIgBvAHMAdAAgACcASAAiACsAIgBlAGwAIgArACIAbABvACwAIABmAHIAIgArACIAbwBtACAAUAAiACsAIgBvAHcAIgArACIAZQByAFMAIgArACIAaAAiACsAIgBlAGwAbAAhACcAIgApAA==\",\"currentDirectory\":\"C:\\\\\\\\Users\\\\\\\\mayank\\\\\\\\AppData\\\\\\\\Local\\\\\\\\Temp\\\\\\\\\",\"user\":\"DESKTOP-47DG1M4\\\\\\\\mayank\",\"logonGuid\":\"{ff35d33d-d021-6a96-d918-090000000000}\",\"logonId\":\"0x918d9\",\"terminalSessionId\":\"1\",\"integrityLevel\":\"High\",\"hashes\":\"MD5=E65ECCA3754249C00F50A035202F7591,SHA256=7600FFE12DA441FE89D035B13801E8E91D064BC544A27B19A5CF49F6AB8B18F5,IMPHASH=AFACF6DC9041114B198160AAB4D0AE77\",\"parentProcessGuid\":\"{ff35d33d-f319-6a96-3a02-000000000c00}\",\"parentProcessId\":\"6080\",\"parentImage\":\"C:\\\\\\\\Windows\\\\\\\\System32\\\\\\\\cmd.exe\",\"parentCommandLine\":\"\\\\\\\"cmd.exe\\\\\\\" /c powershell.exe -e  JgAgACgAZwBjAG0AIAAoACcAaQBlAHsAMAB9ACcAIAAtAGYAIAAnAHgAJwApACkAIAAoACIAVwByACIAKwAiAGkAdAAiACsAIgBlAC0ASAAiACsAIgBvAHMAdAAgACcASAAiACsAIgBlAGwAIgArACIAbABvACwAIABmAHIAIgArACIAbwBtACAAUAAiACsAIgBvAHcAIgArACIAZQByAFMAIgArACIAaAAiACsAIgBlAGwAbAAhACcAIgApAA==\",\"parentUser\":\"DESKTOP-47DG1M4\\\\\\\\mayank\"}}}","decoder":{"name":"windows_eventchannel"},"data":{"win":{"system":{"providerName":"Microsoft-Windows-Sysmon","providerGuid":"{5770385f-c22a-43e0-bf4c-06f5698ffbd9}","eventID":"1","version":"5","level":"4","task":"1","opcode":"0","keywords":"0x8000000000000000","systemTime":"2026-09-01T15:45:30.9607240Z","eventRecordID":"2384","processID":"3484","threadID":"4124","channel":"Microsoft-Windows-Sysmon/Operational","computer":"DESKTOP-47DG1M4","severityValue":"INFORMATION","message":"\"Process Create:\r\nRuleName: -\r\nUtcTime: 2026-09-01 15:45:30.475\r\nProcessGuid: {ff35d33d-f31a-6a96-3c02-000000000c00}\r\nProcessId: 6424\r\nImage: C:\\Windows\\System32\\WindowsPowerShell\\v1.0\\powershell.exe\r\nFileVersion: 10.0.26100.8875 (WinBuild.160101.0800)\r\nDescription: Windows PowerShell\r\nProduct: Microsoft® Windows® Operating System\r\nCompany: Microsoft Corporation\r\nOriginalFileName: PowerShell.EXE\r\nCommandLine: powershell.exe  -e  JgAgACgAZwBjAG0AIAAoACcAaQBlAHsAMAB9ACcAIAAtAGYAIAAnAHgAJwApACkAIAAoACIAVwByACIAKwAiAGkAdAAiACsAIgBlAC0ASAAiACsAIgBvAHMAdAAgACcASAAiACsAIgBlAGwAIgArACIAbABvACwAIABmAHIAIgArACIAbwBtACAAUAAiACsAIgBvAHcAIgArACIAZQByAFMAIgArACIAaAAiACsAIgBlAGwAbAAhACcAIgApAA==\r\nCurrentDirectory: C:\\Users\\mayank\\AppData\\Local\\Temp\\\r\nUser: DESKTOP-47DG1M4\\mayank\r\nLogonGuid: {ff35d33d-d021-6a96-d918-090000000000}\r\nLogonId: 0x918D9\r\nTerminalSessionId: 1\r\nIntegrityLevel: High\r\nHashes: MD5=E65ECCA3754249C00F50A035202F7591,SHA256=7600FFE12DA441FE89D035B13801E8E91D064BC544A27B19A5CF49F6AB8B18F5,IMPHASH=AFACF6DC9041114B198160AAB4D0AE77\r\nParentProcessGuid: {ff35d33d-f319-6a96-3a02-000000000c00}\r\nParentProcessId: 6080\r\nParentImage: C:\\Windows\\System32\\cmd.exe\r\nParentCommandLine: \"cmd.exe\" /c powershell.exe -e  JgAgACgAZwBjAG0AIAAoACcAaQBlAHsAMAB9ACcAIAAtAGYAIAAnAHgAJwApACkAIAAoACIAVwByACIAKwAiAGkAdAAiACsAIgBlAC0ASAAiACsAIgBvAHMAdAAgACcASAAiACsAIgBlAGwAIgArACIAbABvACwAIABmAHIAIgArACIAbwBtACAAUAAiACsAIgBvAHcAIgArACIAZQByAFMAIgArACIAaAAiACsAIgBlAGwAbAAhACcAIgApAA==\r\nParentUser: DESKTOP-47DG1M4\\mayank\""},"eventdata":{"utcTime":"2026-09-01 15:45:30.475","processGuid":"{ff35d33d-f31a-6a96-3c02-000000000c00}","processId":"6424","image":"C:\\\\Windows\\\\System32\\\\WindowsPowerShell\\\\v1.0\\\\powershell.exe","fileVersion":"10.0.26100.8875 (WinBuild.160101.0800)","description":"Windows PowerShell","product":"Microsoft® Windows® Operating System","company":"Microsoft Corporation","originalFileName":"PowerShell.EXE","commandLine":"powershell.exe  -e  JgAgACgAZwBjAG0AIAAoACcAaQBlAHsAMAB9ACcAIAAtAGYAIAAnAHgAJwApACkAIAAoACIAVwByACIAKwAiAGkAdAAiACsAIgBlAC0ASAAiACsAIgBvAHMAdAAgACcASAAiACsAIgBlAGwAIgArACIAbABvACwAIABmAHIAIgArACIAbwBtACAAUAAiACsAIgBvAHcAIgArACIAZQByAFMAIgArACIAaAAiACsAIgBlAGwAbAAhACcAIgApAA==","currentDirectory":"C:\\\\Users\\\\mayank\\\\AppData\\\\Local\\\\Temp\\\\","user":"DESKTOP-47DG1M4\\\\mayank","logonGuid":"{ff35d33d-d021-6a96-d918-090000000000}","logonId":"0x918d9","terminalSessionId":"1","integrityLevel":"High","hashes":"MD5=E65ECCA3754249C00F50A035202F7591,SHA256=7600FFE12DA441FE89D035B13801E8E91D064BC544A27B19A5CF49F6AB8B18F5,IMPHASH=AFACF6DC9041114B198160AAB4D0AE77","parentProcessGuid":"{ff35d33d-f319-6a96-3a02-000000000c00}","parentProcessId":"6080","parentImage":"C:\\\\Windows\\\\System32\\\\cmd.exe","parentCommandLine":"\\\"cmd.exe\\\" /c powershell.exe -e  JgAgACgAZwBjAG0AIAAoACcAaQBlAHsAMAB9ACcAIAAtAGYAIAAnAHgAJwApACkAIAAoACIAVwByACIAKwAiAGkAdAAiACsAIgBlAC0ASAAiACsAIgBvAHMAdAAgACcASAAiACsAIgBlAGwAIgArACIAbABvACwAIABmAHIAIgArACIAbwBtACAAUAAiACsAIgBvAHcAIgArACIAZQByAFMAIgArACIAaAAiACsAIgBlAGwAbAAhACcAIgApAA==","parentUser":"DESKTOP-47DG1M4\\\\mayank"}}},"location":"EventChannel"}
{"timestamp":"2026-09-01T15:45:35.325+0000","rule":{"level":15,"description":"Executable file dropped in folder commonly used by malware","id":"92213","mitre":{"id":["T1105"],"tactic":["Command and Control"],"technique":["Ingress Tool Transfer"]},"firedtimes":1,"mail":true,"groups":["sysmon","sysmon_eid11_detections","windows"]},"agent":{"id":"001","name":"DESKTOP-47DG1M4","ip":"10.0.2.4"},"manager":{"name":"ubuntuhomeserver"},"id":"1788277535.3188155","full_log":"{\"win\":{\"system\":{\"providerName\":\"Microsoft-Windows-Sysmon\",\"providerGuid\":\"{5770385f-c22a-43e0-bf4c-06f5698ffbd9}\",\"eventID\":\"11\",\"version\":\"2\",\"level\":\"4\",\"task\":\"11\",\"opcode\":\"0\",\"keywords\":\"0x8000000000000000\",\"systemTime\":\"2026-09-01T15:45:31.1748984Z\",\"eventRecordID\":\"2385\",\"processID\":\"3484\",\"threadID\":\"4124\",\"channel\":\"Microsoft-Windows-Sysmon/Operational\",\"computer\":\"DESKTOP-47DG1M4\",\"severityValue\":\"INFORMATION\",\"message\":\"\\\"File created:\\r\\nRuleName: -\\r\\nUtcTime: 2026-09-01 15:45:31.173\\r\\nProcessGuid: {ff35d33d-f31a-6a96-3c02-000000000c00}\\r\\nProcessId: 6424\\r\\nImage: C:\\\\WINDOWS\\\\System32\\\\WindowsPowerShell\\\\v1.0\\\\powershell.exe\\r\\nTargetFilename: C:\\\\Users\\\\mayank\\\\AppData\\\\Local\\\\Temp\\\\__PSScriptPolicyTest_mgephsse.d01.ps1\\r\\nCreationUtcTime: 2026-09-01 15:45:31.173\\r\\nUser: DESKTOP-47DG1M4\\\\mayank\\\"\"},\"eventdata\":{\"utcTime\":\"2026-09-01 15:45:31.173\",\"processGuid\":\"{ff35d33d-f31a-6a96-3c02-000000000c00}\",\"processId\":\"6424\",\"image\":\"C:\\\\\\\\WINDOWS\\\\\\\\System32\\\\\\\\WindowsPowerShell\\\\\\\\v1.0\\\\\\\\powershell.exe\",\"targetFilename\":\"C:\\\\\\\\Users\\\\\\\\mayank\\\\\\\\AppData\\\\\\\\Local\\\\\\\\Temp\\\\\\\\__PSScriptPolicyTest_mgephsse.d01.ps1\",\"creationUtcTime\":\"2026-09-01 15:45:31.173\",\"user\":\"DESKTOP-47DG1M4\\\\\\\\mayank\"}}}","decoder":{"name":"windows_eventchannel"},"data":{"win":{"system":{"providerName":"Microsoft-Windows-Sysmon","providerGuid":"{5770385f-c22a-43e0-bf4c-06f5698ffbd9}","eventID":"11","version":"2","level":"4","task":"11","opcode":"0","keywords":"0x8000000000000000","systemTime":"2026-09-01T15:45:31.1748984Z","eventRecordID":"2385","processID":"3484","threadID":"4124","channel":"Microsoft-Windows-Sysmon/Operational","computer":"DESKTOP-47DG1M4","severityValue":"INFORMATION","message":"\"File created:\r\nRuleName: -\r\nUtcTime: 2026-09-01 15:45:31.173\r\nProcessGuid: {ff35d33d-f31a-6a96-3c02-000000000c00}\r\nProcessId: 6424\r\nImage: C:\\WINDOWS\\System32\\WindowsPowerShell\\v1.0\\powershell.exe\r\nTargetFilename: C:\\Users\\mayank\\AppData\\Local\\Temp\\__PSScriptPolicyTest_mgephsse.d01.ps1\r\nCreationUtcTime: 2026-09-01 15:45:31.173\r\nUser: DESKTOP-47DG1M4\\mayank\""},"eventdata":{"utcTime":"2026-09-01 15:45:31.173","processGuid":"{ff35d33d-f31a-6a96-3c02-000000000c00}","processId":"6424","image":"C:\\\\WINDOWS\\\\System32\\\\WindowsPowerShell\\\\v1.0\\\\powershell.exe","targetFilename":"C:\\\\Users\\\\mayank\\\\AppData\\\\Local\\\\Temp\\\\__PSScriptPolicyTest_mgephsse.d01.ps1","creationUtcTime":"2026-09-01 15:45:31.173","user":"DESKTOP-47DG1M4\\\\mayank"}}},"location":"EventChannel"}
